f:\备份\串el资料\solarcelleldetect-0821\elpreprocess\x64\release\vc140.pdb
f:\备份\串el资料\solarcelleldetect-0821\elpreprocess\x64\release\cropsolar.obj
f:\备份\串el资料\solarcelleldetect-0821\x64\release\elpreprocess.lib
f:\备份\串el资料\solarcelleldetect-0821\x64\release\elpreprocess.exp
f:\备份\串el资料\solarcelleldetect-0821\x64\release\elpreprocess.dll
f:\备份\串el资料\solarcelleldetect-0821\x64\release\elpreprocess.ipdb
f:\备份\串el资料\solarcelleldetect-0821\x64\release\elpreprocess.iobj
f:\备份\串el资料\solarcelleldetect-0821\x64\release\elpreprocess.pdb
--by coding huanghl
-- by master
-- by lisi
-- by wangwu
-- by zhangsan
f:\备份\串el资料\solarcelleldetect-0821\elpreprocess\x64\release\elpreprocess.tlog\cl.command.1.tlog
f:\备份\串el资料\solarcelleldetect-0821\elpreprocess\x64\release\elpreprocess.tlog\cl.read.1.tlog
f:\备份\串el资料\solarcelleldetect-0821\elpreprocess\x64\release\elpreprocess.tlog\cl.write.1.tlog
f:\备份\串el资料\solarcelleldetect-0821\elpreprocess\x64\release\elpreprocess.tlog\elpreprocess.write.1u.tlog
f:\备份\串el资料\solarcelleldetect-0821\elpreprocess\x64\release\elpreprocess.tlog\link.command.1.tlog
f:\备份\串el资料\solarcelleldetect-0821\elpreprocess\x64\release\elpreprocess.tlog\link.read.1.tlog
f:\备份\串el资料\solarcelleldetect-0821\elpreprocess\x64\release\elpreprocess.tlog\link.write.1.tlog
------------------------