cropSolar.cpp(1111): warning C4244: “参数”: 从“double”转换到“float”，可能丢失数据
cropSolar.cpp(18): warning C4244: “=”: 从“double”转换到“int”，可能丢失数据
cropSolar.cpp(19): warning C4267: “=”: 从“size_t”转换到“int”，可能丢失数据
cropSolar.cpp(49): warning C4267: “参数”: 从“size_t”转换到“int”，可能丢失数据
cropSolar.cpp(555): warning C4244: “初始化”: 从“double”转换到“int”，可能丢失数据
cropSolar.cpp(666): warning C4267: “初始化”: 从“size_t”转换到“int”，可能丢失数据
cropSolar.cpp(777): warning C4267: “+=”: 从“size_t”转换到“int”，可能丢失数据
cropSolar.cpp(888): warning C4267: “参数”: 从“size_t”转换到“int”，可能丢失数据
cropSolar.cpp(999): warning C4244: “初始化”: 从“double”转换到“int”，可能丢失数据
cropSolar.cpp(888): warning C4244: “初始化”: 从“double”转换到“int”，可能丢失数据
cropSolar.cpp(777): warning C4244: “初始化”: 从“double”转换到“int”，可能丢失数据
cropSolar.cpp(666): warning C4244: “初始化”: 从“double”转换到“float”，可能丢失数据
cropSolar.cpp(294): warning C4244: “参数”: 从“double”转换到“float”，可能丢失数据
huanghl
lily
-- by master  coding  
-- by master  coding
-- by lisi    coding
-- by wangwu  coding
-- by zhangsan coding
 

